<?xml version="1.0" encoding="UTF-8"?>
<!-- Generated by org.testng.reporters.JUnitReportReporter -->
<testsuite hostname="ip-192-168-100-2.af-south-1.compute.internal" failures="0" tests="1" name="PostTest" time="2.645" errors="0" timestamp="2021-08-18T00:22:24 CAT" skipped="0">
  <testcase classname="PostTest" name="validateEmailAddresses" time="2.645"/>
  <system-out/>
</testsuite> <!-- PostTest -->
